Base path: C:/Program Files/Unity/Editor/Data
Cmd: getPlatforms
Cmd: preprocess
  insize=1376 outsize=650 ok=1
Cmd: preprocess
  insize=1264 outsize=1261 ok=1
Cmd: preprocess
  insize=1970 outsize=1040 ok=1
Cmd: preprocess
  error: 1 plat 18 at (104): Both vertex and fragment programs must be present in a CGPROGRAM. Excluding it from compilation.
  insize=2982 outsize=4220 ok=1
Cmd: preprocess
  insize=1370 outsize=485 ok=1
Cmd: preprocess
  insize=1569 outsize=649 ok=1
Cmd: preprocess
  insize=2379 outsize=1086 ok=1
Cmd: preprocess
  insize=1393 outsize=376 ok=1
Cmd: preprocess
  insize=316 outsize=316 ok=1
Cmd: compileSnippet
  api=4 type=0 insize=970 outsize=1953 kw=DIRECTIONAL SHADOWS_OFF LIGHTMAP_OFF DIRLIGHTMAP_OFF DYNAMICLIGHTMAP_OFF _EMISSION pd=UNITY_ENABLE_REFLECTION_BUFFERS UNITY_PBS_USE_BRDF1 UNITY_SPECCUBE_BOX_PROJECTION UNITY_SPECCUBE_BLENDING UNITY_TEXTURE_ALPHASPLIT_ALLOWED ok=1
Cmd: compileSnippet
  api=4 type=1 insize=970 outsize=5685 kw=DIRECTIONAL SHADOWS_OFF LIGHTMAP_OFF DIRLIGHTMAP_OFF DYNAMICLIGHTMAP_OFF _EMISSION pd=UNITY_ENABLE_REFLECTION_BUFFERS UNITY_PBS_USE_BRDF1 UNITY_SPECCUBE_BOX_PROJECTION UNITY_SPECCUBE_BLENDING UNITY_TEXTURE_ALPHASPLIT_ALLOWED ok=1
